2023-04-04 03:12:55,339 - sub thread start Image Thread
2023-04-04 03:12:55,340 - /home/smartfarm/바탕화면/SmartFarm/main/static/picture/
2023-04-04 03:12:55,903 - 이미지 리시버가 클라이언트와 연결 되었습니다.
2023-04-04 03:12:56,178 - 연결 상태 : 1 (1,)
2023-04-04 10:32:39,903 - sub thread start Image Thread
2023-04-04 10:32:39,903 - /home/smartfarm/바탕화면/SmartFarm/main/static/picture/
2023-04-04 10:32:40,532 - 이미지 리시버가 클라이언트와 연결 되었습니다.
2023-04-04 10:32:40,811 - 연결 상태 : 1 (1,)
2023-04-04 23:48:23,952 - sub thread start Image Thread
2023-04-04 23:48:23,952 - /home/smartfarm/바탕화면/SmartFarm/main/static/picture/
2023-04-04 23:48:24,586 - 이미지 리시버가 클라이언트와 연결 되었습니다.
2023-04-04 23:48:24,866 - 연결 상태 : 1 (1,)
2023-04-06 18:04:52,694 - 이미지 폴더 생성
2023-04-06 18:10:29,749 - 이미지 생성
2023-04-06 18:10:29,750 - Image Received 0
2023-04-06 18:10:31,307 - /home/smartfarm/바탕화면/SmartFarm/main/static/picture/2023-04-06_18_04/output_0.jpg
2023-04-06 18:10:58,691 - 이미지 생성
2023-04-06 18:10:58,692 - Image Received 1
2023-04-06 18:10:59,368 - /home/smartfarm/바탕화면/SmartFarm/main/static/picture/2023-04-06_18_04/output_1.jpg
2023-04-06 18:11:25,659 - 이미지 생성
2023-04-06 18:11:25,661 - Image Received 2
2023-04-06 18:11:26,026 - /home/smartfarm/바탕화면/SmartFarm/main/static/picture/2023-04-06_18_04/output_2.jpg
2023-04-06 18:11:57,200 - 이미지 생성
2023-04-06 18:11:57,200 - Image Received 3
2023-04-06 18:11:57,864 - /home/smartfarm/바탕화면/SmartFarm/main/static/picture/2023-04-06_18_04/output_3.jpg
2023-04-06 18:12:25,682 - 이미지 생성
2023-04-06 18:12:25,682 - Image Received 4
2023-04-06 18:12:26,362 - /home/smartfarm/바탕화면/SmartFarm/main/static/picture/2023-04-06_18_04/output_4.jpg
2023-04-06 18:12:57,086 - 이미지 생성
2023-04-06 18:12:57,087 - Image Received 5
2023-04-06 18:12:57,839 - /home/smartfarm/바탕화면/SmartFarm/main/static/picture/2023-04-06_18_04/output_5.jpg
2023-04-06 18:13:11,282 - 마지막 이미지 생성
2023-04-06 18:28:38,412 - sub thread start Image Thread
2023-04-06 18:28:38,412 - /home/smartfarm/바탕화면/SmartFarm/main/static/picture/
2023-04-06 18:28:39,036 - 이미지 리시버가 클라이언트와 연결 되었습니다.
2023-04-06 18:28:39,315 - 연결 상태 : 1 (1,)
2023-04-06 18:46:33,429 - sub thread start Image Thread
2023-04-06 18:46:33,429 - /home/smartfarm/바탕화면/SmartFarm/main/static/picture/
2023-04-06 18:46:34,037 - 이미지 리시버가 클라이언트와 연결 되었습니다.
2023-04-06 18:46:34,333 - 연결 상태 : 1 (1,)
2023-04-06 21:58:59,669 - 이미지 폴더 생성
2023-04-06 22:01:21,669 - 이미지 생성
2023-04-06 22:01:21,670 - Image Received 0
2023-04-06 22:01:23,198 - {'image_path': '/home/smartfarm/바탕화면/SmartFarm/main/static/picture/2023-04-06_21_58/output_0.jpg', 'image_date': datetime.datetime(2023, 4, 6, 21, 58), 'result': ''}
2023-04-06 22:01:52,123 - 이미지 생성
2023-04-06 22:01:52,124 - Image Received 1
2023-04-06 22:01:52,856 - {'image_path': '/home/smartfarm/바탕화면/SmartFarm/main/static/picture/2023-04-06_21_58/output_1.jpg', 'image_date': datetime.datetime(2023, 4, 6, 21, 58), 'result': ''}
2023-04-06 22:02:22,432 - 이미지 생성
2023-04-06 22:02:22,432 - Image Received 2
2023-04-06 22:02:23,170 - {'image_path': '/home/smartfarm/바탕화면/SmartFarm/main/static/picture/2023-04-06_21_58/output_2.jpg', 'image_date': datetime.datetime(2023, 4, 6, 21, 58), 'result': ''}
2023-04-06 22:02:53,125 - 이미지 생성
2023-04-06 22:02:53,126 - Image Received 3
2023-04-06 22:02:53,835 - {'image_path': '/home/smartfarm/바탕화면/SmartFarm/main/static/picture/2023-04-06_21_58/output_3.jpg', 'image_date': datetime.datetime(2023, 4, 6, 21, 58), 'result': ''}
2023-04-06 22:03:23,776 - 이미지 생성
2023-04-06 22:03:23,777 - Image Received 4
2023-04-06 22:03:24,413 - {'image_path': '/home/smartfarm/바탕화면/SmartFarm/main/static/picture/2023-04-06_21_58/output_4.jpg', 'image_date': datetime.datetime(2023, 4, 6, 21, 58), 'result': ''}
2023-04-06 22:03:54,415 - 이미지 생성
2023-04-06 22:03:54,415 - Image Received 5
2023-04-06 22:03:55,164 - {'image_path': '/home/smartfarm/바탕화면/SmartFarm/main/static/picture/2023-04-06_21_58/output_5.jpg', 'image_date': datetime.datetime(2023, 4, 6, 21, 58), 'result': ''}
2023-04-06 22:04:03,214 - 마지막 이미지 생성
2023-04-07 00:36:35,658 - 이미지 리시버가 클라이언트와 해제 되었습니다.
2023-04-07 00:36:37,453 - 이미지 리시버가 클라이언트와 연결 되었습니다.
2023-04-07 15:43:59,643 - sub thread start Image Thread
2023-04-07 15:43:59,644 - /home/smartfarm/바탕화면/SmartFarm/main/static/picture/
2023-04-07 15:44:00,211 - 이미지 리시버가 클라이언트와 해제 되었습니다.
2023-04-07 15:44:00,218 - 이미지 리시버가 클라이언트와 연결 되었습니다.
2023-04-07 15:44:00,476 - 연결 상태 : 1 (1,)
2023-04-07 15:44:01,785 - 이미지 리시버가 클라이언트와 해제 되었습니다.
2023-04-07 15:44:01,803 - 이미지 리시버가 클라이언트와 연결 되었습니다.
2023-04-07 15:44:03,354 - 이미지 리시버가 클라이언트와 해제 되었습니다.
2023-04-07 15:44:03,371 - 이미지 리시버가 클라이언트와 연결 되었습니다.
2023-04-07 15:44:04,917 - 이미지 리시버가 클라이언트와 해제 되었습니다.
2023-04-07 15:44:04,926 - 이미지 리시버가 클라이언트와 연결 되었습니다.
2023-04-07 15:44:06,487 - 이미지 리시버가 클라이언트와 해제 되었습니다.
2023-04-07 15:44:06,502 - 이미지 리시버가 클라이언트와 연결 되었습니다.
2023-04-07 15:44:08,056 - 이미지 리시버가 클라이언트와 해제 되었습니다.
2023-04-07 15:44:08,067 - 이미지 리시버가 클라이언트와 연결 되었습니다.
2023-04-07 15:44:09,679 - 이미지 리시버가 클라이언트와 해제 되었습니다.
2023-04-07 15:44:09,703 - 이미지 리시버가 클라이언트와 연결 되었습니다.
2023-04-07 15:44:11,250 - 이미지 리시버가 클라이언트와 해제 되었습니다.
2023-04-07 15:44:11,268 - 이미지 리시버가 클라이언트와 연결 되었습니다.
2023-04-07 15:44:12,819 - 이미지 리시버가 클라이언트와 해제 되었습니다.
2023-04-07 15:44:12,831 - 이미지 리시버가 클라이언트와 연결 되었습니다.
2023-04-07 15:44:14,393 - 이미지 리시버가 클라이언트와 해제 되었습니다.
2023-04-07 15:44:14,401 - 이미지 리시버가 클라이언트와 연결 되었습니다.
2023-04-07 15:44:15,983 - 이미지 리시버가 클라이언트와 해제 되었습니다.
2023-04-07 15:44:16,008 - 이미지 리시버가 클라이언트와 연결 되었습니다.
2023-04-07 15:44:17,549 - 이미지 리시버가 클라이언트와 해제 되었습니다.
2023-04-07 15:44:17,563 - 이미지 리시버가 클라이언트와 연결 되었습니다.
2023-04-07 15:44:19,115 - 이미지 리시버가 클라이언트와 해제 되었습니다.
2023-04-07 15:44:19,117 - 이미지 리시버가 클라이언트와 연결 되었습니다.
2023-04-07 15:44:20,677 - 이미지 리시버가 클라이언트와 해제 되었습니다.
2023-04-07 15:44:20,684 - 이미지 리시버가 클라이언트와 연결 되었습니다.
2023-04-07 15:44:22,254 - 이미지 리시버가 클라이언트와 해제 되었습니다.
2023-04-07 15:44:22,271 - 이미지 리시버가 클라이언트와 연결 되었습니다.
2023-04-07 15:44:23,821 - 이미지 리시버가 클라이언트와 해제 되었습니다.
2023-04-07 15:44:23,831 - 이미지 리시버가 클라이언트와 연결 되었습니다.
2023-04-07 15:44:25,385 - 이미지 리시버가 클라이언트와 해제 되었습니다.
2023-04-07 15:44:25,398 - 이미지 리시버가 클라이언트와 연결 되었습니다.
2023-04-07 15:44:26,963 - 이미지 리시버가 클라이언트와 해제 되었습니다.
2023-04-07 15:44:26,967 - 이미지 리시버가 클라이언트와 연결 되었습니다.
2023-04-07 15:44:28,524 - 이미지 리시버가 클라이언트와 해제 되었습니다.
2023-04-07 15:44:28,535 - 이미지 리시버가 클라이언트와 연결 되었습니다.
2023-04-07 15:44:30,096 - 이미지 리시버가 클라이언트와 해제 되었습니다.
2023-04-07 15:44:30,103 - 이미지 리시버가 클라이언트와 연결 되었습니다.
2023-04-07 15:44:31,661 - 이미지 리시버가 클라이언트와 연결 되었습니다.
2023-04-07 15:44:31,662 - 이미지 리시버가 클라이언트와 해제 되었습니다.
2023-04-07 15:44:33,219 - 이미지 리시버가 클라이언트와 해제 되었습니다.
2023-04-07 15:44:33,224 - 이미지 리시버가 클라이언트와 연결 되었습니다.
2023-04-07 15:44:34,781 - 이미지 리시버가 클라이언트와 해제 되었습니다.
2023-04-07 15:44:34,787 - 이미지 리시버가 클라이언트와 연결 되었습니다.
2023-04-07 15:44:36,342 - 이미지 리시버가 클라이언트와 해제 되었습니다.
2023-04-07 15:44:36,348 - 이미지 리시버가 클라이언트와 연결 되었습니다.
2023-04-07 15:44:37,908 - 이미지 리시버가 클라이언트와 해제 되었습니다.
2023-04-07 15:44:37,949 - 이미지 리시버가 클라이언트와 연결 되었습니다.
2023-04-07 15:44:39,476 - 이미지 리시버가 클라이언트와 해제 되었습니다.
2023-04-07 15:44:39,484 - 이미지 리시버가 클라이언트와 연결 되었습니다.
2023-04-07 15:44:41,045 - 이미지 리시버가 클라이언트와 해제 되었습니다.
2023-04-07 15:44:41,062 - 이미지 리시버가 클라이언트와 연결 되었습니다.
2023-04-07 15:44:42,613 - 이미지 리시버가 클라이언트와 연결 되었습니다.
2023-04-07 15:44:46,571 - sub thread start Image Thread
2023-04-07 15:44:46,572 - /home/smartfarm/바탕화면/SmartFarm/main/static/picture/
2023-04-07 15:44:47,131 - 이미지 리시버가 클라이언트와 해제 되었습니다.
2023-04-07 15:44:47,158 - 이미지 리시버가 클라이언트와 연결 되었습니다.
2023-04-07 15:44:47,411 - 연결 상태 : 1 (1,)
2023-04-07 15:44:48,705 - 이미지 리시버가 클라이언트와 해제 되었습니다.
2023-04-07 15:44:48,719 - 이미지 리시버가 클라이언트와 연결 되었습니다.
2023-04-07 15:44:50,273 - 이미지 리시버가 클라이언트와 해제 되었습니다.
2023-04-07 15:44:50,287 - 이미지 리시버가 클라이언트와 연결 되었습니다.
2023-04-07 15:44:51,837 - 이미지 리시버가 클라이언트와 해제 되었습니다.
2023-04-07 15:44:51,844 - 이미지 리시버가 클라이언트와 연결 되었습니다.
2023-04-07 15:44:53,404 - 이미지 리시버가 클라이언트와 연결 되었습니다.
2023-04-07 15:44:53,407 - 이미지 리시버가 클라이언트와 해제 되었습니다.
2023-04-07 15:44:54,958 - 이미지 리시버가 클라이언트와 해제 되었습니다.
2023-04-07 15:44:54,972 - 이미지 리시버가 클라이언트와 연결 되었습니다.
2023-04-07 15:44:56,527 - 이미지 리시버가 클라이언트와 해제 되었습니다.
2023-04-07 15:44:56,556 - 이미지 리시버가 클라이언트와 연결 되었습니다.
2023-04-07 15:44:58,090 - 이미지 리시버가 클라이언트와 해제 되었습니다.
2023-04-07 15:44:58,122 - 이미지 리시버가 클라이언트와 연결 되었습니다.
2023-04-07 15:44:59,651 - 이미지 리시버가 클라이언트와 해제 되었습니다.
2023-04-07 15:44:59,663 - 이미지 리시버가 클라이언트와 연결 되었습니다.
2023-04-07 15:45:01,227 - 이미지 리시버가 클라이언트와 해제 되었습니다.
2023-04-07 15:45:01,259 - 이미지 리시버가 클라이언트와 연결 되었습니다.
2023-04-07 15:45:02,797 - 이미지 리시버가 클라이언트와 해제 되었습니다.
2023-04-07 15:45:02,803 - 이미지 리시버가 클라이언트와 연결 되었습니다.
2023-04-07 15:45:04,369 - 이미지 리시버가 클라이언트와 연결 되었습니다.
2023-04-07 15:45:04,372 - 이미지 리시버가 클라이언트와 해제 되었습니다.
2023-04-07 15:45:05,934 - 이미지 리시버가 클라이언트와 해제 되었습니다.
2023-04-07 15:45:05,943 - 이미지 리시버가 클라이언트와 연결 되었습니다.
2023-04-07 15:45:07,499 - 이미지 리시버가 클라이언트와 해제 되었습니다.
2023-04-07 15:45:07,510 - 이미지 리시버가 클라이언트와 연결 되었습니다.
2023-04-07 15:45:09,070 - 이미지 리시버가 클라이언트와 해제 되었습니다.
2023-04-07 15:45:09,075 - 이미지 리시버가 클라이언트와 연결 되었습니다.
2023-04-07 15:45:10,631 - 이미지 리시버가 클라이언트와 해제 되었습니다.
2023-04-07 15:45:10,639 - 이미지 리시버가 클라이언트와 연결 되었습니다.
2023-04-07 15:45:12,196 - 이미지 리시버가 클라이언트와 해제 되었습니다.
2023-04-07 15:45:12,215 - 이미지 리시버가 클라이언트와 연결 되었습니다.
2023-04-07 15:45:13,765 - 이미지 리시버가 클라이언트와 해제 되었습니다.
2023-04-07 15:45:13,773 - 이미지 리시버가 클라이언트와 연결 되었습니다.
2023-04-07 15:45:15,346 - 이미지 리시버가 클라이언트와 해제 되었습니다.
2023-04-07 15:45:15,348 - 이미지 리시버가 클라이언트와 연결 되었습니다.
2023-04-07 15:45:16,913 - 이미지 리시버가 클라이언트와 해제 되었습니다.
2023-04-07 15:45:16,924 - 이미지 리시버가 클라이언트와 연결 되었습니다.
2023-04-07 15:45:18,482 - 이미지 리시버가 클라이언트와 해제 되었습니다.
2023-04-07 15:45:18,484 - 이미지 리시버가 클라이언트와 연결 되었습니다.
2023-04-07 15:45:20,059 - 이미지 리시버가 클라이언트와 해제 되었습니다.
2023-04-07 15:45:20,082 - 이미지 리시버가 클라이언트와 연결 되었습니다.
2023-04-07 15:45:21,639 - 이미지 리시버가 클라이언트와 해제 되었습니다.
2023-04-07 15:45:21,649 - 이미지 리시버가 클라이언트와 연결 되었습니다.
2023-04-07 15:45:23,203 - 이미지 리시버가 클라이언트와 해제 되었습니다.
2023-04-07 15:45:23,217 - 이미지 리시버가 클라이언트와 연결 되었습니다.
2023-04-07 15:45:24,859 - 이미지 리시버가 클라이언트와 해제 되었습니다.
2023-04-07 15:45:24,881 - 이미지 리시버가 클라이언트와 연결 되었습니다.
2023-04-07 15:45:26,433 - 이미지 리시버가 클라이언트와 해제 되었습니다.
2023-04-07 15:45:26,451 - 이미지 리시버가 클라이언트와 연결 되었습니다.
2023-04-07 15:45:28,008 - 이미지 리시버가 클라이언트와 해제 되었습니다.
2023-04-07 15:45:28,019 - 이미지 리시버가 클라이언트와 연결 되었습니다.
2023-04-07 15:45:29,578 - 이미지 리시버가 클라이언트와 해제 되었습니다.
2023-04-07 15:45:29,596 - 이미지 리시버가 클라이언트와 연결 되었습니다.
2023-04-07 15:45:31,152 - 이미지 리시버가 클라이언트와 해제 되었습니다.
2023-04-07 15:45:31,155 - 이미지 리시버가 클라이언트와 연결 되었습니다.
2023-04-07 15:45:32,709 - 이미지 리시버가 클라이언트와 해제 되었습니다.
2023-04-07 15:45:32,716 - 이미지 리시버가 클라이언트와 연결 되었습니다.
2023-04-07 15:45:34,272 - 이미지 리시버가 클라이언트와 해제 되었습니다.
2023-04-07 15:45:34,280 - 이미지 리시버가 클라이언트와 연결 되었습니다.
2023-04-07 15:45:35,835 - 이미지 리시버가 클라이언트와 해제 되었습니다.
2023-04-07 15:45:35,862 - 이미지 리시버가 클라이언트와 연결 되었습니다.
2023-04-07 15:45:37,394 - 이미지 리시버가 클라이언트와 연결 되었습니다.
2023-04-07 15:45:37,397 - 이미지 리시버가 클라이언트와 해제 되었습니다.
2023-04-07 15:45:38,968 - 이미지 리시버가 클라이언트와 해제 되었습니다.
2023-04-07 15:45:38,980 - 이미지 리시버가 클라이언트와 연결 되었습니다.
2023-04-07 15:45:40,537 - 이미지 리시버가 클라이언트와 해제 되었습니다.
2023-04-07 15:45:40,549 - 이미지 리시버가 클라이언트와 연결 되었습니다.
2023-04-07 15:45:42,112 - 이미지 리시버가 클라이언트와 해제 되었습니다.
2023-04-07 15:45:42,127 - 이미지 리시버가 클라이언트와 연결 되었습니다.
2023-04-07 15:45:43,676 - 이미지 리시버가 클라이언트와 해제 되었습니다.
2023-04-07 15:45:43,685 - 이미지 리시버가 클라이언트와 연결 되었습니다.
2023-04-07 15:45:45,248 - 이미지 리시버가 클라이언트와 해제 되었습니다.
2023-04-07 15:45:45,254 - 이미지 리시버가 클라이언트와 연결 되었습니다.
2023-04-07 15:45:46,810 - 이미지 리시버가 클라이언트와 해제 되었습니다.
2023-04-07 15:45:46,810 - 이미지 리시버가 클라이언트와 연결 되었습니다.
2023-04-07 15:45:48,376 - 이미지 리시버가 클라이언트와 해제 되었습니다.
2023-04-07 15:45:48,380 - 이미지 리시버가 클라이언트와 연결 되었습니다.
2023-04-07 15:45:49,949 - 이미지 리시버가 클라이언트와 연결 되었습니다.
2023-04-07 15:45:49,952 - 이미지 리시버가 클라이언트와 해제 되었습니다.
2023-04-07 15:45:51,510 - 이미지 리시버가 클라이언트와 해제 되었습니다.
2023-04-07 15:45:51,531 - 이미지 리시버가 클라이언트와 연결 되었습니다.
2023-04-07 15:45:53,074 - 이미지 리시버가 클라이언트와 해제 되었습니다.
2023-04-07 15:45:53,080 - 이미지 리시버가 클라이언트와 연결 되었습니다.
2023-04-07 15:45:54,637 - 이미지 리시버가 클라이언트와 해제 되었습니다.
2023-04-07 15:45:54,640 - 이미지 리시버가 클라이언트와 연결 되었습니다.
2023-04-07 15:45:56,201 - 이미지 리시버가 클라이언트와 해제 되었습니다.
2023-04-07 15:45:56,206 - 이미지 리시버가 클라이언트와 연결 되었습니다.
2023-04-07 15:45:57,765 - 이미지 리시버가 클라이언트와 해제 되었습니다.
2023-04-07 15:45:57,771 - 이미지 리시버가 클라이언트와 연결 되었습니다.
2023-04-07 15:45:59,339 - 이미지 리시버가 클라이언트와 해제 되었습니다.
2023-04-07 15:45:59,355 - 이미지 리시버가 클라이언트와 연결 되었습니다.
2023-04-07 15:46:00,906 - 이미지 리시버가 클라이언트와 해제 되었습니다.
2023-04-07 15:46:00,915 - 이미지 리시버가 클라이언트와 연결 되었습니다.
2023-04-07 15:46:02,480 - 이미지 리시버가 클라이언트와 해제 되었습니다.
2023-04-07 15:46:02,494 - 이미지 리시버가 클라이언트와 연결 되었습니다.
2023-04-07 15:46:04,045 - 이미지 리시버가 클라이언트와 해제 되었습니다.
2023-04-07 15:46:04,066 - 이미지 리시버가 클라이언트와 연결 되었습니다.
2023-04-07 15:46:05,605 - 이미지 리시버가 클라이언트와 연결 되었습니다.
2023-04-07 15:46:05,607 - 이미지 리시버가 클라이언트와 해제 되었습니다.
2023-04-07 15:46:07,172 - 이미지 리시버가 클라이언트와 해제 되었습니다.
2023-04-07 15:46:07,190 - 이미지 리시버가 클라이언트와 연결 되었습니다.
2023-04-07 15:46:08,753 - 이미지 리시버가 클라이언트와 해제 되었습니다.
2023-04-07 15:46:08,760 - 이미지 리시버가 클라이언트와 연결 되었습니다.
2023-04-07 15:46:10,310 - 이미지 리시버가 클라이언트와 연결 되었습니다.
2023-04-07 15:46:10,312 - 이미지 리시버가 클라이언트와 해제 되었습니다.
2023-04-07 15:46:11,874 - 이미지 리시버가 클라이언트와 해제 되었습니다.
2023-04-07 15:46:11,885 - 이미지 리시버가 클라이언트와 연결 되었습니다.
2023-04-07 15:46:13,444 - 이미지 리시버가 클라이언트와 해제 되었습니다.
2023-04-07 15:46:13,455 - 이미지 리시버가 클라이언트와 연결 되었습니다.
2023-04-07 15:46:15,006 - 이미지 리시버가 클라이언트와 해제 되었습니다.
2023-04-07 15:46:15,012 - 이미지 리시버가 클라이언트와 연결 되었습니다.
2023-04-07 15:46:16,567 - 이미지 리시버가 클라이언트와 해제 되었습니다.
2023-04-07 15:46:16,572 - 이미지 리시버가 클라이언트와 연결 되었습니다.
2023-04-07 15:46:18,151 - 이미지 리시버가 클라이언트와 해제 되었습니다.
2023-04-07 15:46:18,167 - 이미지 리시버가 클라이언트와 연결 되었습니다.
2023-04-07 15:46:19,714 - 이미지 리시버가 클라이언트와 해제 되었습니다.
2023-04-07 15:46:19,722 - 이미지 리시버가 클라이언트와 연결 되었습니다.
2023-04-07 15:46:21,281 - 이미지 리시버가 클라이언트와 해제 되었습니다.
2023-04-07 15:46:21,285 - 이미지 리시버가 클라이언트와 연결 되었습니다.
2023-04-07 15:46:22,850 - 이미지 리시버가 클라이언트와 해제 되었습니다.
2023-04-07 15:46:22,852 - 이미지 리시버가 클라이언트와 연결 되었습니다.
2023-04-07 15:46:24,413 - 이미지 리시버가 클라이언트와 해제 되었습니다.
2023-04-07 15:46:24,437 - 이미지 리시버가 클라이언트와 연결 되었습니다.
2023-04-07 15:46:25,985 - 이미지 리시버가 클라이언트와 해제 되었습니다.
2023-04-07 15:46:25,987 - 이미지 리시버가 클라이언트와 연결 되었습니다.
2023-04-07 15:46:27,558 - 이미지 리시버가 클라이언트와 해제 되었습니다.
2023-04-07 15:46:27,568 - 이미지 리시버가 클라이언트와 연결 되었습니다.
2023-04-07 15:46:29,132 - 이미지 리시버가 클라이언트와 해제 되었습니다.
2023-04-07 15:46:29,147 - 이미지 리시버가 클라이언트와 연결 되었습니다.
2023-04-07 15:46:30,704 - 이미지 리시버가 클라이언트와 해제 되었습니다.
2023-04-07 15:46:30,721 - 이미지 리시버가 클라이언트와 연결 되었습니다.
2023-04-07 15:46:32,270 - 이미지 리시버가 클라이언트와 해제 되었습니다.
2023-04-07 15:46:32,271 - 이미지 리시버가 클라이언트와 연결 되었습니다.
2023-04-07 15:46:33,831 - 이미지 리시버가 클라이언트와 연결 되었습니다.
2023-04-07 15:46:33,833 - 이미지 리시버가 클라이언트와 해제 되었습니다.
2023-04-07 15:46:35,392 - 이미지 리시버가 클라이언트와 해제 되었습니다.
2023-04-07 15:46:35,403 - 이미지 리시버가 클라이언트와 연결 되었습니다.
2023-04-07 15:46:36,970 - 이미지 리시버가 클라이언트와 해제 되었습니다.
2023-04-07 15:46:36,976 - 이미지 리시버가 클라이언트와 연결 되었습니다.
2023-04-07 15:46:38,552 - 이미지 리시버가 클라이언트와 해제 되었습니다.
2023-04-07 15:46:38,565 - 이미지 리시버가 클라이언트와 연결 되었습니다.
2023-04-07 15:46:40,117 - 이미지 리시버가 클라이언트와 해제 되었습니다.
2023-04-07 15:46:40,126 - 이미지 리시버가 클라이언트와 연결 되었습니다.
2023-04-07 15:46:41,681 - 이미지 리시버가 클라이언트와 해제 되었습니다.
2023-04-07 15:46:41,693 - 이미지 리시버가 클라이언트와 연결 되었습니다.
2023-04-07 15:46:43,250 - 이미지 리시버가 클라이언트와 해제 되었습니다.
2023-04-07 15:46:43,256 - 이미지 리시버가 클라이언트와 연결 되었습니다.
2023-04-07 15:46:44,812 - 이미지 리시버가 클라이언트와 해제 되었습니다.
2023-04-07 15:46:44,827 - 이미지 리시버가 클라이언트와 연결 되었습니다.
2023-04-07 15:46:46,384 - 이미지 리시버가 클라이언트와 해제 되었습니다.
2023-04-07 15:46:46,394 - 이미지 리시버가 클라이언트와 연결 되었습니다.
2023-04-07 15:46:47,961 - 이미지 리시버가 클라이언트와 해제 되었습니다.
2023-04-07 15:46:47,970 - 이미지 리시버가 클라이언트와 연결 되었습니다.
2023-04-07 15:46:49,532 - 이미지 리시버가 클라이언트와 해제 되었습니다.
2023-04-07 15:46:49,538 - 이미지 리시버가 클라이언트와 연결 되었습니다.
2023-04-07 15:46:51,199 - 이미지 리시버가 클라이언트와 해제 되었습니다.
2023-04-07 15:46:51,231 - 이미지 리시버가 클라이언트와 연결 되었습니다.
2023-04-07 15:46:52,768 - 이미지 리시버가 클라이언트와 해제 되었습니다.
2023-04-07 15:46:52,772 - 이미지 리시버가 클라이언트와 연결 되었습니다.
2023-04-07 15:46:54,332 - 이미지 리시버가 클라이언트와 해제 되었습니다.
2023-04-07 15:46:54,335 - 이미지 리시버가 클라이언트와 연결 되었습니다.
2023-04-07 15:46:55,900 - 이미지 리시버가 클라이언트와 해제 되었습니다.
2023-04-07 15:46:55,909 - 이미지 리시버가 클라이언트와 연결 되었습니다.
2023-04-07 15:46:57,472 - 이미지 리시버가 클라이언트와 해제 되었습니다.
2023-04-07 15:46:57,480 - 이미지 리시버가 클라이언트와 연결 되었습니다.
2023-04-07 15:46:59,045 - 이미지 리시버가 클라이언트와 해제 되었습니다.
2023-04-07 15:46:59,070 - 이미지 리시버가 클라이언트와 연결 되었습니다.
2023-04-07 15:47:00,613 - 이미지 리시버가 클라이언트와 해제 되었습니다.
2023-04-07 15:47:00,617 - 이미지 리시버가 클라이언트와 연결 되었습니다.
2023-04-07 15:47:02,192 - 이미지 리시버가 클라이언트와 해제 되었습니다.
2023-04-07 15:47:02,253 - 이미지 리시버가 클라이언트와 연결 되었습니다.
2023-04-07 15:47:03,762 - 이미지 리시버가 클라이언트와 해제 되었습니다.
2023-04-07 15:47:03,767 - 이미지 리시버가 클라이언트와 연결 되었습니다.
2023-04-07 15:47:05,336 - 이미지 리시버가 클라이언트와 해제 되었습니다.
2023-04-07 15:47:05,338 - 이미지 리시버가 클라이언트와 연결 되었습니다.
2023-04-07 15:47:06,905 - 이미지 리시버가 클라이언트와 해제 되었습니다.
2023-04-07 15:47:06,926 - 이미지 리시버가 클라이언트와 연결 되었습니다.
2023-04-07 15:47:08,473 - 이미지 리시버가 클라이언트와 해제 되었습니다.
2023-04-07 15:47:08,482 - 이미지 리시버가 클라이언트와 연결 되었습니다.
2023-04-07 15:47:10,039 - 이미지 리시버가 클라이언트와 해제 되었습니다.
2023-04-07 15:47:10,050 - 이미지 리시버가 클라이언트와 연결 되었습니다.
2023-04-07 15:47:11,610 - 이미지 리시버가 클라이언트와 해제 되었습니다.
2023-04-07 15:47:11,628 - 이미지 리시버가 클라이언트와 연결 되었습니다.
2023-04-07 15:47:13,170 - 이미지 리시버가 클라이언트와 연결 되었습니다.
2023-04-07 15:47:13,171 - 이미지 리시버가 클라이언트와 해제 되었습니다.
2023-04-07 15:47:14,740 - 이미지 리시버가 클라이언트와 해제 되었습니다.
2023-04-07 15:47:14,757 - 이미지 리시버가 클라이언트와 연결 되었습니다.
2023-04-07 15:47:16,316 - 이미지 리시버가 클라이언트와 해제 되었습니다.
2023-04-07 15:47:16,322 - 이미지 리시버가 클라이언트와 연결 되었습니다.
2023-04-07 15:47:17,878 - 이미지 리시버가 클라이언트와 해제 되었습니다.
2023-04-07 15:47:17,888 - 이미지 리시버가 클라이언트와 연결 되었습니다.
2023-04-07 15:47:19,463 - 이미지 리시버가 클라이언트와 해제 되었습니다.
2023-04-07 15:47:19,475 - 이미지 리시버가 클라이언트와 연결 되었습니다.
2023-04-07 15:47:21,026 - 이미지 리시버가 클라이언트와 해제 되었습니다.
2023-04-07 15:47:21,035 - 이미지 리시버가 클라이언트와 연결 되었습니다.
2023-04-07 15:47:22,595 - 이미지 리시버가 클라이언트와 연결 되었습니다.
2023-04-07 15:47:22,595 - 이미지 리시버가 클라이언트와 해제 되었습니다.
2023-04-07 15:47:24,156 - 이미지 리시버가 클라이언트와 해제 되었습니다.
2023-04-07 15:47:24,161 - 이미지 리시버가 클라이언트와 연결 되었습니다.
2023-04-07 15:47:25,727 - 이미지 리시버가 클라이언트와 해제 되었습니다.
2023-04-07 15:47:25,729 - 이미지 리시버가 클라이언트와 연결 되었습니다.
2023-04-07 15:47:27,295 - 이미지 리시버가 클라이언트와 해제 되었습니다.
2023-04-07 15:47:27,303 - 이미지 리시버가 클라이언트와 연결 되었습니다.
2023-04-07 15:47:28,858 - 이미지 리시버가 클라이언트와 해제 되었습니다.
2023-04-07 15:47:28,866 - 이미지 리시버가 클라이언트와 연결 되었습니다.
2023-04-07 15:47:30,432 - 이미지 리시버가 클라이언트와 해제 되었습니다.
2023-04-07 15:47:30,442 - 이미지 리시버가 클라이언트와 연결 되었습니다.
2023-04-07 15:47:31,989 - 이미지 리시버가 클라이언트와 연결 되었습니다.
2023-04-07 15:47:31,991 - 이미지 리시버가 클라이언트와 해제 되었습니다.
2023-04-07 15:47:33,566 - 이미지 리시버가 클라이언트와 해제 되었습니다.
2023-04-07 15:47:33,595 - 이미지 리시버가 클라이언트와 연결 되었습니다.
2023-04-07 15:47:35,133 - 이미지 리시버가 클라이언트와 해제 되었습니다.
2023-04-07 15:47:35,140 - 이미지 리시버가 클라이언트와 연결 되었습니다.
2023-04-07 15:47:36,707 - 이미지 리시버가 클라이언트와 해제 되었습니다.
2023-04-07 15:47:36,721 - 이미지 리시버가 클라이언트와 연결 되었습니다.
2023-04-07 15:47:38,275 - 이미지 리시버가 클라이언트와 해제 되었습니다.
2023-04-07 15:47:38,277 - 이미지 리시버가 클라이언트와 연결 되었습니다.
2023-04-07 15:47:39,845 - 이미지 리시버가 클라이언트와 해제 되었습니다.
2023-04-07 15:47:39,856 - 이미지 리시버가 클라이언트와 연결 되었습니다.
2023-04-07 15:47:41,414 - 이미지 리시버가 클라이언트와 해제 되었습니다.
2023-04-07 15:47:41,416 - 이미지 리시버가 클라이언트와 연결 되었습니다.
2023-04-07 15:47:42,981 - 이미지 리시버가 클라이언트와 해제 되었습니다.
2023-04-07 15:47:42,992 - 이미지 리시버가 클라이언트와 연결 되었습니다.
2023-04-07 15:47:44,548 - 이미지 리시버가 클라이언트와 해제 되었습니다.
2023-04-07 15:47:44,575 - 이미지 리시버가 클라이언트와 연결 되었습니다.
2023-04-07 15:47:46,123 - 이미지 리시버가 클라이언트와 해제 되었습니다.
2023-04-07 15:47:46,127 - 이미지 리시버가 클라이언트와 연결 되었습니다.
2023-04-07 15:47:47,774 - 이미지 리시버가 클라이언트와 해제 되었습니다.
2023-04-07 15:47:47,796 - 이미지 리시버가 클라이언트와 연결 되었습니다.
2023-04-07 15:47:49,351 - 이미지 리시버가 클라이언트와 해제 되었습니다.
2023-04-07 15:47:49,356 - 이미지 리시버가 클라이언트와 연결 되었습니다.
2023-04-07 15:47:50,924 - 이미지 리시버가 클라이언트와 해제 되었습니다.
2023-04-07 15:47:50,933 - 이미지 리시버가 클라이언트와 연결 되었습니다.
2023-04-07 15:47:52,490 - 이미지 리시버가 클라이언트와 해제 되었습니다.
2023-04-07 15:47:52,499 - 이미지 리시버가 클라이언트와 연결 되었습니다.
2023-04-07 15:47:54,056 - 이미지 리시버가 클라이언트와 해제 되었습니다.
2023-04-07 15:47:54,078 - 이미지 리시버가 클라이언트와 연결 되었습니다.
2023-04-07 15:47:55,626 - 이미지 리시버가 클라이언트와 해제 되었습니다.
2023-04-07 15:47:55,633 - 이미지 리시버가 클라이언트와 연결 되었습니다.
2023-04-07 15:47:57,189 - 이미지 리시버가 클라이언트와 해제 되었습니다.
2023-04-07 15:47:57,192 - 이미지 리시버가 클라이언트와 연결 되었습니다.
2023-04-07 15:47:58,755 - 이미지 리시버가 클라이언트와 해제 되었습니다.
2023-04-07 15:47:58,773 - 이미지 리시버가 클라이언트와 연결 되었습니다.
2023-04-07 15:48:00,317 - 이미지 리시버가 클라이언트와 해제 되었습니다.
2023-04-07 15:48:00,339 - 이미지 리시버가 클라이언트와 연결 되었습니다.
2023-04-07 15:48:01,905 - 이미지 리시버가 클라이언트와 해제 되었습니다.
2023-04-07 15:48:01,908 - 이미지 리시버가 클라이언트와 연결 되었습니다.
2023-04-07 15:48:03,467 - 이미지 리시버가 클라이언트와 해제 되었습니다.
2023-04-07 15:48:03,467 - 이미지 리시버가 클라이언트와 연결 되었습니다.
2023-04-07 15:48:05,039 - 이미지 리시버가 클라이언트와 해제 되었습니다.
2023-04-07 15:48:05,053 - 이미지 리시버가 클라이언트와 연결 되었습니다.
2023-04-07 15:48:06,618 - 이미지 리시버가 클라이언트와 해제 되었습니다.
2023-04-07 15:48:06,632 - 이미지 리시버가 클라이언트와 연결 되었습니다.
2023-04-07 15:48:08,180 - 이미지 리시버가 클라이언트와 연결 되었습니다.
2023-04-07 15:48:08,181 - 이미지 리시버가 클라이언트와 해제 되었습니다.
2023-04-07 15:48:09,743 - 이미지 리시버가 클라이언트와 해제 되었습니다.
2023-04-07 15:48:09,757 - 이미지 리시버가 클라이언트와 연결 되었습니다.
2023-04-07 15:48:11,321 - 이미지 리시버가 클라이언트와 해제 되었습니다.
2023-04-07 15:48:11,327 - 이미지 리시버가 클라이언트와 연결 되었습니다.
2023-04-07 15:48:12,887 - 이미지 리시버가 클라이언트와 해제 되었습니다.
2023-04-07 15:48:12,898 - 이미지 리시버가 클라이언트와 연결 되었습니다.
2023-04-07 15:48:14,454 - 이미지 리시버가 클라이언트와 해제 되었습니다.
2023-04-07 15:48:14,459 - 이미지 리시버가 클라이언트와 연결 되었습니다.
2023-04-07 15:48:16,017 - 이미지 리시버가 클라이언트와 해제 되었습니다.
2023-04-07 15:48:16,019 - 이미지 리시버가 클라이언트와 연결 되었습니다.
2023-04-07 15:48:17,577 - 이미지 리시버가 클라이언트와 해제 되었습니다.
2023-04-07 15:48:17,583 - 이미지 리시버가 클라이언트와 연결 되었습니다.
2023-04-07 15:48:19,140 - 이미지 리시버가 클라이언트와 해제 되었습니다.
2023-04-07 15:48:19,147 - 이미지 리시버가 클라이언트와 연결 되었습니다.
2023-04-07 15:48:20,708 - 이미지 리시버가 클라이언트와 해제 되었습니다.
2023-04-07 15:48:20,730 - 이미지 리시버가 클라이언트와 연결 되었습니다.
2023-04-07 15:48:22,290 - 이미지 리시버가 클라이언트와 해제 되었습니다.
2023-04-07 15:48:22,328 - 이미지 리시버가 클라이언트와 연결 되었습니다.
2023-04-07 15:48:23,851 - 이미지 리시버가 클라이언트와 해제 되었습니다.
2023-04-07 15:48:23,869 - 이미지 리시버가 클라이언트와 연결 되었습니다.
2023-04-07 15:48:25,407 - 이미지 리시버가 클라이언트와 해제 되었습니다.
2023-04-07 15:48:25,409 - 이미지 리시버가 클라이언트와 연결 되었습니다.
2023-04-07 15:48:26,966 - 이미지 리시버가 클라이언트와 해제 되었습니다.
2023-04-07 15:48:26,975 - 이미지 리시버가 클라이언트와 연결 되었습니다.
2023-04-07 15:48:28,550 - 이미지 리시버가 클라이언트와 해제 되었습니다.
2023-04-07 15:48:28,565 - 이미지 리시버가 클라이언트와 연결 되었습니다.
2023-04-07 15:48:30,123 - 이미지 리시버가 클라이언트와 해제 되었습니다.
2023-04-07 15:48:30,140 - 이미지 리시버가 클라이언트와 연결 되었습니다.
2023-04-07 15:48:31,694 - 이미지 리시버가 클라이언트와 해제 되었습니다.
2023-04-07 15:48:31,704 - 이미지 리시버가 클라이언트와 연결 되었습니다.
2023-04-07 15:48:33,254 - 이미지 리시버가 클라이언트와 해제 되었습니다.
2023-04-07 15:48:33,276 - 이미지 리시버가 클라이언트와 연결 되었습니다.
2023-04-07 15:48:34,835 - 이미지 리시버가 클라이언트와 해제 되었습니다.
2023-04-07 15:48:34,843 - 이미지 리시버가 클라이언트와 연결 되었습니다.
2023-04-07 15:48:36,414 - 이미지 리시버가 클라이언트와 해제 되었습니다.
2023-04-07 15:48:36,428 - 이미지 리시버가 클라이언트와 연결 되었습니다.
2023-04-07 15:48:38,017 - 이미지 리시버가 클라이언트와 해제 되었습니다.
2023-04-07 15:48:38,032 - 이미지 리시버가 클라이언트와 연결 되었습니다.
2023-04-07 15:48:39,583 - 이미지 리시버가 클라이언트와 해제 되었습니다.
2023-04-07 15:48:39,595 - 이미지 리시버가 클라이언트와 연결 되었습니다.
2023-04-07 15:48:41,162 - 이미지 리시버가 클라이언트와 해제 되었습니다.
2023-04-07 15:48:41,171 - 이미지 리시버가 클라이언트와 연결 되었습니다.
2023-04-07 15:48:42,759 - 이미지 리시버가 클라이언트와 해제 되었습니다.
2023-04-07 15:48:42,772 - 이미지 리시버가 클라이언트와 연결 되었습니다.
2023-04-07 15:48:44,335 - 이미지 리시버가 클라이언트와 해제 되었습니다.
2023-04-07 15:48:44,346 - 이미지 리시버가 클라이언트와 연결 되었습니다.
2023-04-07 15:48:45,909 - 이미지 리시버가 클라이언트와 해제 되었습니다.
2023-04-07 15:48:45,919 - 이미지 리시버가 클라이언트와 연결 되었습니다.
2023-04-07 15:48:47,477 - 이미지 리시버가 클라이언트와 해제 되었습니다.
2023-04-07 15:48:47,486 - 이미지 리시버가 클라이언트와 연결 되었습니다.
2023-04-07 15:48:49,037 - 이미지 리시버가 클라이언트와 해제 되었습니다.
2023-04-07 15:48:49,042 - 이미지 리시버가 클라이언트와 연결 되었습니다.
2023-04-07 15:48:50,600 - 이미지 리시버가 클라이언트와 해제 되었습니다.
2023-04-07 15:48:50,622 - 이미지 리시버가 클라이언트와 연결 되었습니다.
2023-04-07 15:48:52,178 - 이미지 리시버가 클라이언트와 해제 되었습니다.
2023-04-07 15:48:52,191 - 이미지 리시버가 클라이언트와 연결 되었습니다.
2023-04-07 15:48:53,762 - 이미지 리시버가 클라이언트와 해제 되었습니다.
2023-04-07 15:48:53,792 - 이미지 리시버가 클라이언트와 연결 되었습니다.
2023-04-07 15:48:55,417 - 이미지 리시버가 클라이언트와 해제 되었습니다.
2023-04-07 15:48:56,975 - 이미지 리시버가 클라이언트와 연결 되었습니다.
2023-04-10 13:20:15,284 - sub thread start Image Thread
2023-04-10 13:20:15,284 - /home/smartfarm/바탕화면/SmartFarm/main/static/picture/
2023-04-10 13:20:16,020 - 이미지 리시버가 클라이언트와 연결 되었습니다.
2023-04-10 13:20:16,300 - 연결 상태 : 1 (1,)
2023-04-10 13:20:28,811 - sub thread start Image Thread
2023-04-10 13:20:28,811 - /home/smartfarm/바탕화면/SmartFarm/main/static/picture/
2023-04-10 13:20:29,396 - 이미지 리시버가 클라이언트와 연결 되었습니다.
2023-04-10 13:20:29,719 - 연결 상태 : 1 (1,)
2023-04-10 13:42:36,489 - sub thread start Image Thread
2023-04-10 13:42:36,489 - /home/smartfarm/바탕화면/SmartFarm/main/static/picture/
2023-04-10 13:42:37,268 - 이미지 리시버가 클라이언트와 연결 되었습니다.
2023-04-10 13:42:37,643 - 연결 상태 : 1 (1,)
2023-04-10 13:45:34,447 - sub thread start Image Thread
2023-04-10 13:45:34,448 - /home/smartfarm/바탕화면/SmartFarm/main/static/picture/
2023-04-10 13:45:35,148 - 이미지 리시버가 클라이언트와 연결 되었습니다.
2023-04-10 13:45:35,421 - 연결 상태 : 1 (1,)
2023-04-10 16:37:50,383 - sub thread start Image Thread
2023-04-10 16:37:50,383 - /home/smartfarm/바탕화면/SmartFarm/main/static/picture/
2023-04-10 16:37:51,005 - 이미지 리시버가 클라이언트와 연결 되었습니다.
2023-04-10 16:37:51,282 - 연결 상태 : 1 (1,)
2023-04-10 23:01:51,571 - sub thread start Image Thread
2023-04-10 23:01:51,572 - /home/smartfarm/바탕화면/SmartFarm/main/static/picture/
2023-04-10 23:01:52,396 - 이미지 리시버가 클라이언트와 연결 되었습니다.
2023-04-10 23:01:52,552 - 연결 상태 : 1 (1,)
2023-04-10 23:07:39,277 - sub thread start Image Thread
2023-04-10 23:07:39,278 - /home/smartfarm/바탕화면/SmartFarm/main/static/picture/
2023-04-10 23:07:39,852 - 이미지 리시버가 클라이언트와 연결 되었습니다.
2023-04-10 23:07:40,131 - 연결 상태 : 1 (1,)
2023-04-10 23:08:43,565 - sub thread start Image Thread
2023-04-10 23:08:43,566 - /home/smartfarm/바탕화면/SmartFarm/main/static/picture/
2023-04-10 23:08:44,133 - 이미지 리시버가 클라이언트와 연결 되었습니다.
2023-04-10 23:08:44,403 - 연결 상태 : 1 (1,)
2023-04-11 00:45:36,422 - 이미지 폴더 생성
2023-04-11 00:48:52,269 - 마지막 이미지 생성
2023-04-11 01:08:35,086 - sub thread start Image Thread
2023-04-11 01:08:35,087 - /home/smartfarm/바탕화면/SmartFarm/main/static/picture/
2023-04-11 01:08:35,735 - 이미지 리시버가 클라이언트와 연결 되었습니다.
2023-04-11 01:08:36,065 - 연결 상태 : 1 (1,)
2023-04-11 08:54:17,428 - 이미지 리시버가 클라이언트와 해제 되었습니다.
2023-04-11 08:54:19,224 - 이미지 리시버가 클라이언트와 연결 되었습니다.
